Started GET "/" for 127.0.0.1 at 2017-02-21 11:07:10 +0100
Processing by Rails::WelcomeController#index as HTML
  Parameters: {"internal"=>true}
  Rendering /home/user1/.rvm/gems/ruby-2.3.1/gems/railties-5.0.1/lib/rails/templates/rails/welcome/index.html.erb
  Rendered /home/user1/.rvm/gems/ruby-2.3.1/gems/railties-5.0.1/lib/rails/templates/rails/welcome/index.html.erb (2.8ms)
Completed 200 OK in 76ms (Views: 7.1ms | ActiveRecord: 0.0ms)


Started GET "/page/home" for 127.0.0.1 at 2017-02-21 11:07:19 +0100
Processing by PageController#home as HTML
  Rendering page/home.html.erb within layouts/application
  Rendered page/home.html.erb within layouts/application (0.4ms)
Completed 200 OK in 1122ms (Views: 1120.9ms | ActiveRecord: 0.0ms)


Started GET "/page/home" for 127.0.0.1 at 2017-02-21 11:25:43 +0100
Processing by PageController#home as HTML
  Rendering page/home.html.erb within layouts/application
  Rendered page/home.html.erb within layouts/application (0.8ms)
Completed 200 OK in 171ms (Views: 164.0ms | ActiveRecord: 0.0ms)


Started GET "/page/home" for 127.0.0.1 at 2017-02-21 11:26:27 +0100
Processing by PageController#home as HTML
  Rendering page/home.html.erb within layouts/application
  Rendered page/home.html.erb within layouts/application (0.3ms)
Completed 200 OK in 14ms (Views: 12.7ms | ActiveRecord: 0.0ms)


Started GET "/page/home" for 127.0.0.1 at 2017-02-21 11:32:50 +0100
Processing by PageController#home as HTML
  Rendering page/home.html.erb within layouts/application
  Rendered page/home.html.erb within layouts/application (0.4ms)
Completed 200 OK in 11ms (Views: 10.1ms | ActiveRecord: 0.0ms)


Started GET "/page/home" for 127.0.0.1 at 2017-02-21 11:32:53 +0100
Processing by PageController#home as HTML
  Rendering page/home.html.erb within layouts/application
  Rendered page/home.html.erb within layouts/application (0.5ms)
Completed 200 OK in 13ms (Views: 11.9ms | ActiveRecord: 0.0ms)


Started GET "/page/home" for 127.0.0.1 at 2017-02-21 11:33:26 +0100
Processing by PageController#home as HTML
  Rendering page/home.html.erb within layouts/application
  Rendered page/home.html.erb within layouts/application (0.3ms)
Completed 200 OK in 12ms (Views: 11.1ms | ActiveRecord: 0.0ms)


Started GET "/page/home" for 127.0.0.1 at 2017-02-21 11:33:56 +0100
Processing by PageController#home as HTML
  Rendering page/home.html.erb within layouts/application
  Rendered page/home.html.erb within layouts/application (0.3ms)
Completed 200 OK in 30ms (Views: 29.1ms | ActiveRecord: 0.0ms)


Started GET "/page/home" for 127.0.0.1 at 2017-02-21 11:34:16 +0100
Processing by PageController#home as HTML
  Rendering page/home.html.erb within layouts/application
  Rendered page/home.html.erb within layouts/application (0.6ms)
Completed 200 OK in 17ms (Views: 15.6ms | ActiveRecord: 0.0ms)


Started GET "/page/home" for 127.0.0.1 at 2017-02-21 11:38:36 +0100
Processing by PageController#home as HTML
  Rendering page/home.html.erb within layouts/application
  Rendered page/home.html.erb within layouts/application (0.7ms)
Completed 500 Internal Server Error in 3ms (ActiveRecord: 0.0ms)


  
SyntaxError (/home/user1/challenge-/app/views/page/home.html.erb:11: syntax error, unexpected keyword_end
'.freeze;@output_buffer.append=(end);@output_buffer.safe_append='
                                   ^
/home/user1/challenge-/app/views/page/home.html.erb:13: syntax error, unexpected keyword_ensure, expecting ')'
/home/user1/challenge-/app/views/page/home.html.erb:15: syntax error, unexpected keyword_end, expecting ')'):
  
app/views/page/home.html.erb:11: syntax error, unexpected keyword_end
app/views/page/home.html.erb:13: syntax error, unexpected keyword_ensure, expecting ')'
app/views/page/home.html.erb:15: syntax error, unexpected keyword_end, expecting ')'
  Rendering /home/user1/.rvm/gems/ruby-2.3.1/gems/actionpack-5.0.1/lib/action_dispatch/middleware/templates/rescues/diagnostics.html.erb within rescues/layout
  Rendering /home/user1/.rvm/gems/ruby-2.3.1/gems/actionpack-5.0.1/lib/action_dispatch/middleware/templates/rescues/_source.html.erb
  Rendered /home/user1/.rvm/gems/ruby-2.3.1/gems/actionpack-5.0.1/lib/action_dispatch/middleware/templates/rescues/_source.html.erb (3.8ms)
  Rendering /home/user1/.rvm/gems/ruby-2.3.1/gems/actionpack-5.0.1/lib/action_dispatch/middleware/templates/rescues/_trace.html.erb
  Rendered /home/user1/.rvm/gems/ruby-2.3.1/gems/actionpack-5.0.1/lib/action_dispatch/middleware/templates/rescues/_trace.html.erb (1.6ms)
  Rendering /home/user1/.rvm/gems/ruby-2.3.1/gems/actionpack-5.0.1/lib/action_dispatch/middleware/templates/rescues/_request_and_response.html.erb
  Rendered /home/user1/.rvm/gems/ruby-2.3.1/gems/actionpack-5.0.1/lib/action_dispatch/middleware/templates/rescues/_request_and_response.html.erb (0.6ms)
  Rendered /home/user1/.rvm/gems/ruby-2.3.1/gems/actionpack-5.0.1/lib/action_dispatch/middleware/templates/rescues/diagnostics.html.erb within rescues/layout (20.9ms)
Started GET "/page/home" for 127.0.0.1 at 2017-02-21 11:38:46 +0100
Processing by PageController#home as HTML
  Rendering page/home.html.erb within layouts/application
  Rendered page/home.html.erb within layouts/application (0.5ms)
Completed 200 OK in 13ms (Views: 12.5ms | ActiveRecord: 0.0ms)


